\BOOKMARK [0][-]{chapter.1}{\376\377\000I\000n\000t\000r\000o\000d\000u\000c\000e\000r\000e}{}% 1
\BOOKMARK [1][-]{section.1.1}{\376\377\000P\000r\000e\000z\000e\000n\000t\000a\000r\000e\000a\000\040\000t\000e\000m\000e\000i}{chapter.1}% 2
\BOOKMARK [1][-]{section.1.2}{\376\377\000M\000o\000t\000i\000v\000a\002\033\000i\000e}{chapter.1}% 3
\BOOKMARK [1][-]{section.1.3}{\376\377\000S\000c\000o\000p\000\040\002\031\000i\000\040\000o\000b\000i\000e\000c\000t\000i\000v\000e}{chapter.1}% 4
\BOOKMARK [1][-]{section.1.4}{\376\377\000S\000t\000r\000u\000c\000t\000u\000r\000a\000\040\000l\000u\000c\000r\001\003\000r\000i\000i}{chapter.1}% 5
\BOOKMARK [0][-]{chapter.2}{\376\377\000C\000o\000n\000s\000i\000d\000e\000r\000a\002\033\000i\000i\000\040\000t\000e\000o\000r\000e\000t\000i\000c\000e}{}% 6
\BOOKMARK [1][-]{section.2.1}{\376\377\000\316\000n\000v\001\003\002\033\000a\000r\000e\000a\000\040\000a\000u\000t\000o\000m\000a\000t\001\003\000:\000\040\000p\000a\000r\000a\000d\000i\000g\000m\000e\000\040\002\031\000i\000\040\000d\000e\000f\000i\000n\000i\002\033\000i\000i}{chapter.2}% 7
\BOOKMARK [1][-]{section.2.2}{\376\377\000C\000l\000a\000s\000i\000f\000i\000c\000a\000r\000e\000a\000\040\000s\000u\000p\000e\000r\000v\000i\000z\000a\000t\001\003\000\040\002\031\000i\000\040\000f\000o\000r\000m\000u\000l\000a\000r\000e\000a\000\040\000p\000r\000o\000b\000l\000e\000m\000e\000i}{chapter.2}% 8
\BOOKMARK [1][-]{section.2.3}{\376\377\000C\000o\000m\000p\000r\000o\000m\000i\000s\000u\000l\000\040\000b\000i\000a\000s\040\023\000v\000a\000r\000i\000a\000n\002\033\001\003\000,\000\040\000s\000u\000p\000r\000a\000\356\000n\000v\001\003\002\033\000a\000r\000e\000a\000\040\002\031\000i\000\040\000r\000e\000g\000u\000l\000a\000r\000i\000z\000a\000r\000e\000a}{chapter.2}% 9
\BOOKMARK [1][-]{section.2.4}{\376\377\000P\000r\000o\000b\000l\000e\000m\000a\000\040\000d\000e\000z\000e\000c\000h\000i\000l\000i\000b\000r\000u\000l\000u\000i\000\040\000d\000e\000\040\000c\000l\000a\000s\000e}{chapter.2}% 10
\BOOKMARK [1][-]{section.2.5}{\376\377\000R\000e\000g\000r\000e\000s\000i\000a\000\040\000l\000o\000g\000i\000s\000t\000i\000c\001\003}{chapter.2}% 11
\BOOKMARK [2][-]{subsection.2.5.1}{\376\377\000M\000o\000d\000e\000l\000u\000l\000\040\002\031\000i\000\040\000i\000n\000t\000e\000r\000p\000r\000e\000t\000a\000r\000e\000a\000\040\000l\000o\000g\000-\000o\000d\000d\000s}{section.2.5}% 12
\BOOKMARK [2][-]{subsection.2.5.2}{\376\377\000E\000s\000t\000i\000m\000a\000r\000e\000a\000\040\000p\000r\000i\000n\000\040\000m\000a\000x\000i\000m\000u\000l\000\040\000v\000e\000r\000o\000s\000i\000m\000i\000l\000i\000t\001\003\002\033\000i\000i\000\040\002\031\000i\000\040\000e\000n\000t\000r\000o\000p\000i\000a\000\040\000\356\000n\000c\000r\000u\000c\000i\002\031\000a\000t\001\003}{section.2.5}% 13
\BOOKMARK [2][-]{subsection.2.5.3}{\376\377\000C\000o\000b\000o\000r\000\342\000r\000e\000a\000\040\000p\000e\000\040\000g\000r\000a\000d\000i\000e\000n\000t}{section.2.5}% 14
\BOOKMARK [2][-]{subsection.2.5.4}{\376\377\000R\000e\000g\000u\000l\000a\000r\000i\000z\000a\000r\000e\000a\000\040\002\031\000i\000\040\000s\000t\000a\000n\000d\000a\000r\000d\000i\000z\000a\000r\000e\000a}{section.2.5}% 15
\BOOKMARK [1][-]{section.2.6}{\376\377\000A\000r\000b\000o\000r\000i\000\040\000d\000e\000\040\000d\000e\000c\000i\000z\000i\000e}{chapter.2}% 16
\BOOKMARK [2][-]{subsection.2.6.1}{\376\377\000P\000a\000r\000t\000i\002\033\000i\000o\000n\000a\000r\000e\000a\000\040\000r\000e\000c\000u\000r\000s\000i\000v\001\003}{section.2.6}% 17
\BOOKMARK [2][-]{subsection.2.6.2}{\376\377\000M\001\003\000s\000u\000r\000i\000\040\000d\000e\000\040\000i\000m\000p\000u\000r\000i\000t\000a\000t\000e}{section.2.6}% 18
\BOOKMARK [2][-]{subsection.2.6.3}{\376\377\000C\000r\000i\000t\000e\000r\000i\000i\000\040\000d\000e\000\040\000o\000p\000r\000i\000r\000e\000,\000\040\000s\000u\000p\000r\000a\000\356\000n\000v\001\003\002\033\000a\000r\000e\000\040\002\031\000i\000\040\000i\000n\000s\000t\000a\000b\000i\000l\000i\000t\000a\000t\000e}{section.2.6}% 19
\BOOKMARK [1][-]{section.2.7}{\376\377\000P\001\003\000d\000u\000r\000e\000a\000\040\000a\000l\000e\000a\000t\000o\000a\000r\000e\000\040\000\050\000R\000a\000n\000d\000o\000m\000\040\000F\000o\000r\000e\000s\000t\000\051}{chapter.2}% 20
\BOOKMARK [2][-]{subsection.2.7.1}{\376\377\000J\000u\000s\000t\000i\000f\000i\000c\000a\000r\000e\000a\000\040\000t\000e\000o\000r\000e\000t\000i\000c\001\003\000\040\000a\000\040\000a\000n\000s\000a\000m\000b\000l\000u\000r\000i\000l\000o\000r}{section.2.7}% 21
\BOOKMARK [2][-]{subsection.2.7.2}{\376\377\000B\000a\000g\000g\000i\000n\000g\000\040\002\031\000i\000\040\000p\001\003\000d\000u\000r\000e\000a\000\040\000a\000l\000e\000a\000t\000o\000a\000r\000e}{section.2.7}% 22
\BOOKMARK [2][-]{subsection.2.7.3}{\376\377\000E\000s\000t\000i\000m\000a\000r\000e\000a\000\040\000o\000u\000t\000-\000o\000f\000-\000b\000a\000g\000\040\002\031\000i\000\040\000i\000m\000p\000o\000r\000t\000a\000n\002\033\000a\000\040\000c\000a\000r\000a\000c\000t\000e\000r\000i\000s\000t\000i\000c\000i\000l\000o\000r}{section.2.7}% 23
\BOOKMARK [2][-]{subsection.2.7.4}{\376\377\000A\000l\000t\000e\000\040\000m\000e\000t\000o\000d\000e\000\040\000d\000e\000\040\000a\000n\000s\000a\000m\000b\000l\000u}{section.2.7}% 24
\BOOKMARK [1][-]{section.2.8}{\376\377\000I\000n\000g\000i\000n\000e\000r\000i\000a\000\040\000c\000a\000r\000a\000c\000t\000e\000r\000i\000s\000t\000i\000c\000i\000l\000o\000r\000\040\002\031\000i\000\040\000s\000c\000u\000r\000g\000e\000r\000e\000a\000\040\000d\000e\000\040\000i\000n\000f\000o\000r\000m\000a\002\033\000i\000e}{chapter.2}% 25
\BOOKMARK [1][-]{section.2.9}{\376\377\000V\000a\000l\000i\000d\000a\000r\000e\000a\000\040\002\031\000i\000\040\000e\000s\000t\000i\000m\000a\000r\000e\000a\000\040\000p\000e\000r\000f\000o\000r\000m\000a\000n\002\033\000e\000i}{chapter.2}% 26
\BOOKMARK [1][-]{section.2.10}{\376\377\000M\000e\000t\000r\000i\000c\000i\000\040\000d\000e\000\040\000e\000v\000a\000l\000u\000a\000r\000e}{chapter.2}% 27
\BOOKMARK [1][-]{section.2.11}{\376\377\000C\000a\000l\000i\000b\000r\000a\000r\000e\000a\000\040\000p\000r\000o\000b\000a\000b\000i\000l\000i\000t\001\003\002\033\000i\000l\000o\000r}{chapter.2}% 28
\BOOKMARK [1][-]{section.2.12}{\376\377\000S\000i\000n\000t\000e\000z\001\003\000\040\000c\000o\000m\000p\000a\000r\000a\000t\000i\000v\001\003\000\040\000a\000\040\000a\000l\000g\000o\000r\000i\000t\000m\000i\000l\000o\000r\000\040\000s\000t\000u\000d\000i\000a\002\033\000i}{chapter.2}% 29
\BOOKMARK [1][-]{section.2.13}{\376\377\000L\000u\000c\000r\001\003\000r\000i\000\040\000c\000o\000n\000e\000x\000e}{chapter.2}% 30
\BOOKMARK [0][-]{chapter.3}{\376\377\000R\000e\000z\000o\000l\000v\000a\000r\000e\000a\000\040\000t\000e\000m\000e\000i\000\040\000d\000e\000\040\000p\000r\000o\000i\000e\000c\000t}{}% 31
\BOOKMARK [1][-]{section.3.1}{\376\377\000A\000r\000h\000i\000t\000e\000c\000t\000u\000r\000a\000\040\000s\000i\000s\000t\000e\000m\000u\000l\000u\000i}{chapter.3}% 32
\BOOKMARK [1][-]{section.3.2}{\376\377\000T\000e\000h\000n\000o\000l\000o\000g\000i\000i\000\040\000f\000o\000l\000o\000s\000i\000t\000e\000\040\002\031\000i\000\040\000o\000r\000g\000a\000n\000i\000z\000a\000r\000e\000a\000\040\000c\000o\000d\000u\000l\000u\000i}{chapter.3}% 33
\BOOKMARK [1][-]{section.3.3}{\376\377\000S\000u\000r\000s\000a\000\040\000d\000e\000\040\000d\000a\000t\000e}{chapter.3}% 34
\BOOKMARK [1][-]{section.3.4}{\376\377\000C\000o\000n\000s\000t\000r\000u\000i\000r\000e\000a\000\040\000s\000e\000t\000u\000l\000u\000i\000\040\000d\000e\000\040\000d\000a\000t\000e}{chapter.3}% 35
\BOOKMARK [1][-]{section.3.5}{\376\377\000A\000n\000a\000l\000i\000z\000a\000\040\000e\000x\000p\000l\000o\000r\000a\000t\000o\000r\000i\000e\000\040\000a\000\040\000s\000e\000t\000u\000l\000u\000i\000\040\000d\000e\000\040\000d\000a\000t\000e}{chapter.3}% 36
\BOOKMARK [1][-]{section.3.6}{\376\377\000I\000n\000g\000i\000n\000e\000r\000i\000a\000\040\000c\000a\000r\000a\000c\000t\000e\000r\000i\000s\000t\000i\000c\000i\000l\000o\000r\000\040\000c\000a\000u\000z\000a\000l\000e}{chapter.3}% 37
\BOOKMARK [2][-]{subsection.3.6.1}{\376\377\000P\000r\000i\000n\000c\000i\000p\000i\000u\000l\000\040\000c\000a\000u\000z\000a\000l\000\040\002\031\000i\000\040\000s\000t\000a\000r\000e\000a\000\040\000i\000s\000t\000o\000r\000i\000c\001\003}{section.3.6}% 38
\BOOKMARK [2][-]{subsection.3.6.2}{\376\377\000V\000a\000l\000o\000r\000i\000\040\000i\000m\000p\000l\000i\000c\000i\000t\000e\000\040\000p\000e\000n\000t\000r\000u\000\040\000p\000i\000l\000o\002\033\000i\000\040\002\031\000i\000\040\000e\000c\000h\000i\000p\000e\000\040\000f\001\003\000r\001\003\000\040\000i\000s\000t\000o\000r\000i\000c}{section.3.6}% 39
\BOOKMARK [2][-]{subsection.3.6.3}{\376\377\000I\000n\000v\000e\000n\000t\000a\000r\000u\000l\000\040\000c\000o\000m\000p\000l\000e\000t\000\040\000a\000l\000\040\000c\000a\000r\000a\000c\000t\000e\000r\000i\000s\000t\000i\000c\000i\000l\000o\000r}{section.3.6}% 40
\BOOKMARK [2][-]{subsection.3.6.4}{\376\377\000E\000t\000i\000c\000h\000e\000t\000a\000\040\002\031\000i\000\040\000m\000a\000t\000r\000i\000c\000e\000a\000\040\000d\000e\000\040\000c\000a\000r\000a\000c\000t\000e\000r\000i\000s\000t\000i\000c\000i}{section.3.6}% 41
\BOOKMARK [1][-]{section.3.7}{\376\377\000I\000m\000p\000l\000e\000m\000e\000n\000t\000a\000r\000e\000a\000\040\000m\000o\000d\000e\000l\000e\000l\000o\000r}{chapter.3}% 42
\BOOKMARK [2][-]{subsection.3.7.1}{\376\377\000C\000o\000n\000t\000r\000a\000c\000t\000u\000l\000\040\000c\000o\000m\000u\000n\000\040\002\031\000i\000\040\000s\000t\000a\000n\000d\000a\000r\000d\000i\000z\000a\000r\000e\000a}{section.3.7}% 43
\BOOKMARK [2][-]{subsection.3.7.2}{\376\377\000R\000e\000g\000r\000e\000s\000i\000a\000\040\000l\000o\000g\000i\000s\000t\000i\000c\001\003}{section.3.7}% 44
\BOOKMARK [2][-]{subsection.3.7.3}{\376\377\000A\000r\000b\000o\000r\000e\000l\000e\000\040\000d\000e\000\040\000d\000e\000c\000i\000z\000i\000e}{section.3.7}% 45
\BOOKMARK [2][-]{subsection.3.7.4}{\376\377\000P\001\003\000d\000u\000r\000e\000a\000\040\000a\000l\000e\000a\000t\000o\000a\000r\000e}{section.3.7}% 46
\BOOKMARK [2][-]{subsection.3.7.5}{\376\377\000C\000o\000m\000p\000l\000e\000x\000i\000t\000a\000t\000e\000a\000\040\000c\000o\000m\000p\000u\000t\000a\002\033\000i\000o\000n\000a\000l\001\003}{section.3.7}% 47
\BOOKMARK [2][-]{subsection.3.7.6}{\376\377\000F\000a\000b\000r\000i\000c\000a\000\040\000d\000e\000\040\000m\000o\000d\000e\000l\000e\000\040\002\031\000i\000\040\000h\000i\000p\000e\000r\000p\000a\000r\000a\000m\000e\000t\000r\000i\000i}{section.3.7}% 48
\BOOKMARK [1][-]{section.3.8}{\376\377\000P\000r\000e\000d\000i\000c\002\033\000i\000a\000\040\000p\000o\000d\000i\000u\000m\000u\000l\000u\000i\000\040\002\031\000i\000\040\000a\000g\000r\000e\000g\000a\000r\000e\000a\000\040\000\356\000n\000\040\000c\000a\000m\000p\000i\000o\000n\000a\000t}{chapter.3}% 49
\BOOKMARK [2][-]{subsection.3.8.1}{\376\377\000O\000r\000d\000o\000n\000a\000r\000e\000a\000\040\000p\000i\000l\000o\002\033\000i\000l\000o\000r\000\040\000p\000e\000r\000\040\000c\000u\000r\000s\001\003}{section.3.8}% 50
\BOOKMARK [2][-]{subsection.3.8.2}{\376\377\000A\000g\000r\000e\000g\000a\000r\000e\000a\000\040\000\356\000n\000\040\000c\000l\000a\000s\000a\000m\000e\000n\000t\000\040\000d\000e\000\040\000c\000a\000m\000p\000i\000o\000n\000a\000t}{section.3.8}% 51
\BOOKMARK [1][-]{section.3.9}{\376\377\000V\000a\000l\000i\000d\000a\000r\000e\000a\000\040\000t\000e\000m\000p\000o\000r\000a\000l\001\003\000\040\000p\000e\000\040\000a\000n\000i}{chapter.3}% 52
\BOOKMARK [1][-]{section.3.10}{\376\377\000A\000n\000t\000r\000e\000n\000a\000r\000e\000a\000\040\000i\000n\000c\000r\000e\000m\000e\000n\000t\000a\000l\001\003\000\040\000i\000n\000-\000s\000e\000z\000o\000n}{chapter.3}% 53
\BOOKMARK [1][-]{section.3.11}{\376\377\000M\000e\000t\000r\000i\000c\000i\000\040\002\031\000i\000\040\000i\000n\000s\000t\000r\000u\000m\000e\000n\000t\000a\002\033\000i\000a\000\040\000e\000x\000p\000e\000r\000i\000m\000e\000n\000t\000a\000l\001\003}{chapter.3}% 54
\BOOKMARK [1][-]{section.3.12}{\376\377\000I\000n\000t\000e\000r\000f\000a\002\033\000a\000\040\000\356\000n\000\040\000l\000i\000n\000i\000e\000\040\000d\000e\000\040\000c\000o\000m\000a\000n\000d\001\003}{chapter.3}% 55
\BOOKMARK [2][-]{subsection.3.12.1}{\376\377\000F\000l\000u\000x\000u\000l\000\040\000d\000e\000\040\000l\000u\000c\000r\000u\000\040\000c\000o\000m\000p\000l\000e\000t}{section.3.12}% 56
\BOOKMARK [1][-]{section.3.13}{\376\377\000T\000e\000s\000t\000a\000r\000e\000a\000\040\000a\000u\000t\000o\000m\000a\000t\001\003\000\040\002\031\000i\000\040\000v\000e\000r\000i\000f\000i\000c\000a\000r\000e\000a\000\040\000c\000o\000r\000e\000c\000t\000i\000t\000u\000d\000i\000n\000i\000i}{chapter.3}% 57
\BOOKMARK [1][-]{section.3.14}{\376\377\000R\000e\000p\000r\000o\000d\000u\000c\000t\000i\000b\000i\000l\000i\000t\000a\000t\000e}{chapter.3}% 58
\BOOKMARK [1][-]{section.3.15}{\376\377\000D\000e\000c\000i\000z\000i\000i\000\040\000d\000e\000\040\000p\000r\000o\000i\000e\000c\000t\000a\000r\000e\000\040\002\031\000i\000\040\000c\000o\000m\000p\000r\000o\000m\000i\000s\000u\000r\000i}{chapter.3}% 59
\BOOKMARK [0][-]{chapter.4}{\376\377\000R\000e\000z\000u\000l\000t\000a\000t\000e}{}% 60
\BOOKMARK [1][-]{section.4.1}{\376\377\000C\000o\000n\000f\000i\000g\000u\000r\000a\002\033\000i\000a\000\040\000e\000x\000p\000e\000r\000i\000m\000e\000n\000t\000a\000l\001\003}{chapter.4}% 61
\BOOKMARK [1][-]{section.4.2}{\376\377\000O\000p\000t\000i\000m\000i\000z\000a\000r\000e\000a\000\040\000h\000i\000p\000e\000r\000p\000a\000r\000a\000m\000e\000t\000r\000i\000l\000o\000r}{chapter.4}% 62
\BOOKMARK [1][-]{section.4.3}{\376\377\000P\000e\000r\000f\000o\000r\000m\000a\000n\002\033\000a\000\040\000c\000o\000m\000p\000a\000r\000a\000t\000i\000v\001\003}{chapter.4}% 63
\BOOKMARK [1][-]{section.4.4}{\376\377\000V\000a\000r\000i\000a\002\033\000i\000a\000\040\000p\000e\000r\000f\000o\000r\000m\000a\000n\002\033\000e\000i\000\040\000p\000e\000\040\000s\000e\000z\000o\000a\000n\000e}{chapter.4}% 64
\BOOKMARK [1][-]{section.4.5}{\376\377\000C\000o\000s\000t\000u\000l\000\040\000c\000o\000m\000p\000u\000t\000a\002\033\000i\000o\000n\000a\000l\000\040\000a\000l\000\040\000a\000n\000t\000r\000e\000n\001\003\000r\000i\000i}{chapter.4}% 65
\BOOKMARK [1][-]{section.4.6}{\376\377\000D\000i\000s\000c\000u\002\033\000i\000e\000:\000\040\000a\000c\000u\000r\000a\000t\000e\002\033\000e\000a\000\040\000\356\000n\000\040\000p\000r\000e\000z\000e\000n\002\033\000a\000\040\000d\000e\000z\000e\000c\000h\000i\000l\000i\000b\000r\000u\000l\000u\000i}{chapter.4}% 66
\BOOKMARK [1][-]{section.4.7}{\376\377\000I\000m\000p\000o\000r\000t\000a\000n\002\033\000a\000\040\000c\000a\000r\000a\000c\000t\000e\000r\000i\000s\000t\000i\000c\000i\000l\000o\000r}{chapter.4}% 67
\BOOKMARK [1][-]{section.4.8}{\376\377\000E\000f\000e\000c\000t\000u\000l\000\040\000d\000a\000t\000e\000l\000o\000r\000\040\000i\000n\000-\000s\000e\000z\000o\000n}{chapter.4}% 68
\BOOKMARK [1][-]{section.4.9}{\376\377\000S\000i\000n\000t\000e\000z\000a\000\040\000r\000e\000z\000u\000l\000t\000a\000t\000e\000l\000o\000r}{chapter.4}% 69
\BOOKMARK [0][-]{chapter.5}{\376\377\000C\000o\000n\000c\000l\000u\000z\000i\000i\000\040\002\031\000i\000\040\000d\000e\000z\000v\000o\000l\000t\001\003\000r\000i\000\040\000u\000l\000t\000e\000r\000i\000o\000a\000r\000e}{}% 70
\BOOKMARK [1][-]{section.5.1}{\376\377\000C\000o\000n\000c\000l\000u\000z\000i\000i\000\040\000g\000e\000n\000e\000r\000a\000l\000e}{chapter.5}% 71
\BOOKMARK [1][-]{section.5.2}{\376\377\000G\000r\000a\000d\000u\000l\000\040\000d\000e\000\040\000\356\000n\000d\000e\000p\000l\000i\000n\000i\000r\000e\000\040\000a\000\040\000o\000b\000i\000e\000c\000t\000i\000v\000e\000l\000o\000r}{chapter.5}% 72
\BOOKMARK [1][-]{section.5.3}{\376\377\000C\000o\000n\000c\000l\000u\000z\000i\000i\000\040\000p\000r\000i\000v\000i\000n\000d\000\040\000s\000t\000u\000d\000i\000u\000l\000\040\000c\000o\000m\000p\000a\000r\000a\000t\000i\000v}{chapter.5}% 73
\BOOKMARK [1][-]{section.5.4}{\376\377\000C\000o\000n\000t\000r\000i\000b\000u\002\033\000i\000i\000\040\000p\000e\000r\000s\000o\000n\000a\000l\000e}{chapter.5}% 74
\BOOKMARK [1][-]{section.5.5}{\376\377\000D\000e\000z\000v\000o\000l\000t\001\003\000r\000i\000\040\000u\000l\000t\000e\000r\000i\000o\000a\000r\000e}{chapter.5}% 75
\BOOKMARK [0][-]{chapter*.30}{\376\377\000B\000i\000b\000l\000i\000o\000g\000r\000a\000f\000i\000e}{}% 76
